     1                                  global _start                      ; делаем метку метку _start видимой извне
     2                                   
     3                                  section .data                      ; секция данных
     4 00000000 48656C6C6F20776F72-         message db  "Hello world!", 10  ; строка для вывода на консоль
     4 00000009 6C64210A           
     5                                      length  equ $ - message
     6                                   
     7                                  section .text                      ; объявление секции кода
     8                                  _start:                            ; точка входа в программу
     9 00000000 B801000000                  mov rax, 1                     ; 1 - номер системного вызова функции write
    10 00000005 BF01000000                  mov rdi, 1                     ; 1 - дескриптор файла стандартного вызова stdout
    11 0000000A 48BE-                       mov rsi, message               ; адрес строки для вывод
    11 0000000C [0000000000000000] 
    12 00000014 BA0D000000                  mov rdx, length                ; количество байтов
    13 00000019 0F05                        syscall                        ; выполняем системный вызов write
    14                                      
    15 0000001B 83F800                      cmp eax, 0                     ; сравнить код ошибки с нулём
    16 0000001E 720C                        jb err                         ; переход при eax < 0
    17                                      
    18                                      ;обычный выход
    19 00000020 B83C000000                  mov rax, 60 		           ; 60 - номер системного вызова exit
    20 00000025 BF00000000              	mov rdi, 0 	                   ; код возврата - 0
    21 0000002A 0F05                    	syscall
    22                                      
    23                                  err:    
    24 0000002C 89C7                        mov edi, eax                   ; rdi <- eax (код возврата - число записанных символов)
    25 0000002E B83C000000                  mov rax, 60                    ; 60 - номер системного вызова exit
    26 00000033 0F05                        syscall                        ; выполняем системный вызов exit
